2020-07-06 09:27:28.776 [main] [] INFO  - com.lin.aop_data.AopDataApplicationTests[55] - Starting AopDataApplicationTests on DESKTOP-SVBL3LU with PID 7592 (started by LinZiYu in E:\spring-boot-learn\aop_data)
2020-07-06 09:27:28.780 [main] [] INFO  - com.lin.aop_data.AopDataApplicationTests[651] - No active profile set, falling back to default profiles: default
2020-07-06 09:27:31.809 [main] [] INFO  - o.s.scheduling.concurrent.ThreadPoolTaskExecutor[181] - Initializing ExecutorService 'applicationTaskExecutor'
2020-07-06 09:27:32.235 [main] [] INFO  - com.lin.aop_data.AopDataApplicationTests[61] - Started AopDataApplicationTests in 4.044 seconds (JVM running for 5.624)
2020-07-06 09:27:32.631 [main] [] INFO  - com.alibaba.druid.pool.DruidDataSource[930] - {dataSource-1} inited
2020-07-06 09:27:32.979 [SpringContextShutdownHook] [] INFO  - o.s.scheduling.concurrent.ThreadPoolTaskExecutor[218] - Shutting down ExecutorService 'applicationTaskExecutor'
2020-07-06 09:27:32.991 [SpringContextShutdownHook] [] INFO  - com.alibaba.druid.pool.DruidDataSource[1825] - {dataSource-1} closed
2020-07-06 09:29:21.731 [main] [] INFO  - com.lin.aop_data.AopDataApplicationTests[55] - Starting AopDataApplicationTests on DESKTOP-SVBL3LU with PID 21824 (started by LinZiYu in E:\spring-boot-learn\aop_data)
2020-07-06 09:29:21.734 [main] [] INFO  - com.lin.aop_data.AopDataApplicationTests[651] - No active profile set, falling back to default profiles: default
2020-07-06 09:29:24.608 [main] [] INFO  - o.s.scheduling.concurrent.ThreadPoolTaskExecutor[181] - Initializing ExecutorService 'applicationTaskExecutor'
2020-07-06 09:29:24.959 [main] [] INFO  - com.lin.aop_data.AopDataApplicationTests[61] - Started AopDataApplicationTests in 3.831 seconds (JVM running for 4.91)
2020-07-06 09:29:25.240 [main] [] INFO  - com.alibaba.druid.pool.DruidDataSource[930] - {dataSource-1} inited
2020-07-06 09:29:25.495 [SpringContextShutdownHook] [] INFO  - o.s.scheduling.concurrent.ThreadPoolTaskExecutor[218] - Shutting down ExecutorService 'applicationTaskExecutor'
2020-07-06 09:29:25.504 [SpringContextShutdownHook] [] INFO  - com.alibaba.druid.pool.DruidDataSource[1825] - {dataSource-1} closed
2020-07-06 09:32:18.173 [main] [] INFO  - com.lin.aop_data.AopDataApplicationTests[55] - Starting AopDataApplicationTests on DESKTOP-SVBL3LU with PID 16432 (started by LinZiYu in E:\spring-boot-learn\aop_data)
2020-07-06 09:32:18.175 [main] [] INFO  - com.lin.aop_data.AopDataApplicationTests[651] - No active profile set, falling back to default profiles: default
2020-07-06 09:32:20.982 [main] [] INFO  - o.s.scheduling.concurrent.ThreadPoolTaskExecutor[181] - Initializing ExecutorService 'applicationTaskExecutor'
2020-07-06 09:32:21.319 [main] [] INFO  - com.lin.aop_data.AopDataApplicationTests[61] - Started AopDataApplicationTests in 3.662 seconds (JVM running for 4.745)
2020-07-06 09:32:21.584 [main] [] INFO  - com.alibaba.druid.pool.DruidDataSource[930] - {dataSource-1} inited
2020-07-06 09:32:21.769 [SpringContextShutdownHook] [] INFO  - o.s.scheduling.concurrent.ThreadPoolTaskExecutor[218] - Shutting down ExecutorService 'applicationTaskExecutor'
2020-07-06 09:32:21.778 [SpringContextShutdownHook] [] INFO  - com.alibaba.druid.pool.DruidDataSource[1825] - {dataSource-1} closed
2020-07-06 09:36:14.355 [main] [] INFO  - com.lin.aop_data.AopDataApplicationTests[55] - Starting AopDataApplicationTests on DESKTOP-SVBL3LU with PID 16064 (started by LinZiYu in E:\spring-boot-learn\aop_data)
2020-07-06 09:36:14.357 [main] [] INFO  - com.lin.aop_data.AopDataApplicationTests[651] - No active profile set, falling back to default profiles: default
2020-07-06 09:36:17.196 [main] [] INFO  - o.s.scheduling.concurrent.ThreadPoolTaskExecutor[181] - Initializing ExecutorService 'applicationTaskExecutor'
2020-07-06 09:36:17.625 [main] [] INFO  - com.lin.aop_data.AopDataApplicationTests[61] - Started AopDataApplicationTests in 3.751 seconds (JVM running for 4.807)
2020-07-06 09:36:17.931 [main] [] INFO  - com.alibaba.druid.pool.DruidDataSource[930] - {dataSource-1} inited
2020-07-06 09:36:18.119 [SpringContextShutdownHook] [] INFO  - o.s.scheduling.concurrent.ThreadPoolTaskExecutor[218] - Shutting down ExecutorService 'applicationTaskExecutor'
2020-07-06 09:36:18.127 [SpringContextShutdownHook] [] INFO  - com.alibaba.druid.pool.DruidDataSource[1825] - {dataSource-1} closed
2020-07-06 09:37:10.057 [main] [] INFO  - com.lin.aop_data.AopDataApplicationTests[55] - Starting AopDataApplicationTests on DESKTOP-SVBL3LU with PID 16964 (started by LinZiYu in E:\spring-boot-learn\aop_data)
2020-07-06 09:37:10.058 [main] [] INFO  - com.lin.aop_data.AopDataApplicationTests[651] - No active profile set, falling back to default profiles: default
2020-07-06 09:37:12.951 [main] [] INFO  - o.s.scheduling.concurrent.ThreadPoolTaskExecutor[181] - Initializing ExecutorService 'applicationTaskExecutor'
2020-07-06 09:37:13.292 [main] [] INFO  - com.lin.aop_data.AopDataApplicationTests[61] - Started AopDataApplicationTests in 3.82 seconds (JVM running for 4.901)
2020-07-06 09:37:13.546 [main] [] INFO  - com.alibaba.druid.pool.DruidDataSource[930] - {dataSource-1} inited
2020-07-06 09:37:13.722 [SpringContextShutdownHook] [] INFO  - o.s.scheduling.concurrent.ThreadPoolTaskExecutor[218] - Shutting down ExecutorService 'applicationTaskExecutor'
2020-07-06 09:37:13.731 [SpringContextShutdownHook] [] INFO  - com.alibaba.druid.pool.DruidDataSource[1825] - {dataSource-1} closed
2020-07-06 09:39:19.924 [main] [] INFO  - com.lin.aop_data.AopDataApplicationTests[55] - Starting AopDataApplicationTests on DESKTOP-SVBL3LU with PID 15172 (started by LinZiYu in E:\spring-boot-learn\aop_data)
2020-07-06 09:39:19.927 [main] [] INFO  - com.lin.aop_data.AopDataApplicationTests[651] - No active profile set, falling back to default profiles: default
2020-07-06 09:39:22.749 [main] [] INFO  - o.s.scheduling.concurrent.ThreadPoolTaskExecutor[181] - Initializing ExecutorService 'applicationTaskExecutor'
2020-07-06 09:39:23.083 [main] [] INFO  - com.lin.aop_data.AopDataApplicationTests[61] - Started AopDataApplicationTests in 3.731 seconds (JVM running for 4.795)
2020-07-06 09:39:23.238 [main] [] INFO  - c.l.a.dynamicdatasource.DataSourceContextAop[37] - ========数据源切换至：slave
2020-07-06 09:39:23.358 [main] [] INFO  - com.alibaba.druid.pool.DruidDataSource[930] - {dataSource-1} inited
2020-07-06 09:39:23.577 [SpringContextShutdownHook] [] INFO  - o.s.scheduling.concurrent.ThreadPoolTaskExecutor[218] - Shutting down ExecutorService 'applicationTaskExecutor'
2020-07-06 09:39:23.587 [SpringContextShutdownHook] [] INFO  - com.alibaba.druid.pool.DruidDataSource[1825] - {dataSource-1} closed
